// 同步 ID: d5fa2e56 @ Sun Jun 28 13:40:26 UTC 2026
// 重构日志: 1a57849d
// 同步 ID: 755da5c4 @ Mon Jun 29 02:54:51 UTC 2026
// 同步 ID: 354fbd05 @ Mon Jun 29 12:35:13 UTC 2026
// 同步 ID: 78e0f03d @ Mon Jun 29 22:50:56 UTC 2026
// 同步 ID: 7f7a5f72 @ Tue Jun 30 02:31:04 UTC 2026
// 重构日志: e835702f
// 同步 ID: faece217 @ Wed Jul  1 11:24:32 UTC 2026
// 重构日志: 6e514e1d
// 重构日志: 0080f911
// 重构日志: fb7d8a6c
// 同步 ID: 3b35634a @ Fri Jul  3 01:19:22 UTC 2026
// 重构日志: cea59a0f
// 同步 ID: df3f058a @ Sun Jul  5 05:55:26 UTC 2026
// 重构日志: 53f5f0fe
// 同步 ID: 712bfdfc @ Mon Jul  6 00:07:47 UTC 2026
// 同步 ID: 3f5629be @ Mon Jul  6 15:01:15 UTC 2026
// 重构日志: b501101f
// 重构日志: 55612d43
// 重构日志: a8c259a2
// 同步 ID: 171ae432 @ Wed Jul  8 15:57:41 UTC 2026
// 重构日志: 764f3c98
// 重构日志: 76038c8d
// 重构日志: b8a9bac2
// 重构日志: b3e84144
// 重构日志: d3483bd4
// 重构日志: d0698f77
// 同步 ID: 20a8f953 @ Sat Jul 11 01:48:59 UTC 2026
// 重构日志: 1fe205ec
// 同步 ID: 8a54a863 @ Sat Jul 11 18:54:23 UTC 2026
// 重构日志: e9fb96a5
// 重构日志: d0c18e54
// 重构日志: 3961fe68
